2024-05-23 23:30:20 INFO  [main] org.example.Main - Starting Main using Java 17.0.11 with PID 11924 (D:\Курсы\44.Ведение журналов\-Logging\HomeWork\target\classes started by steam in D:\Курсы\44.Ведение журналов\-Logging\HomeWork)
2024-05-23 23:30:20 DEBUG [main] org.example.Main - Running with Spring Boot v3.2.5, Spring v6.1.7
2024-05-23 23:30:20 INFO  [main] org.example.Main - No active profile set, falling back to 1 default profile: "default"
2024-05-23 23:30:20 INFO  [main] org.example.Main - Started Main in 0.524 seconds (process running for 0.993)
2024-05-23 23:30:20 INFO  [main] org.example.Main - INFO iteration 0
2024-05-23 23:30:20 DEBUG [main] org.example.Main - DEBUG iteration 0
2024-05-23 23:30:20 WARN  [main] org.example.Main - WARM iteration 0
2024-05-23 23:30:20 INFO  [main] org.example.Main - INFO iteration 1
2024-05-23 23:30:20 DEBUG [main] org.example.Main - DEBUG iteration 1
2024-05-23 23:30:20 WARN  [main] org.example.Main - WARM iteration 1
2024-05-23 23:30:20 INFO  [main] org.example.Main - INFO iteration 2
2024-05-23 23:30:20 DEBUG [main] org.example.Main - DEBUG iteration 2
2024-05-23 23:30:20 WARN  [main] org.example.Main - WARM iteration 2
2024-05-23 23:30:20 INFO  [main] org.example.Main - INFO iteration 3
2024-05-23 23:30:20 DEBUG [main] org.example.Main - DEBUG iteration 3
2024-05-23 23:30:20 WARN  [main] org.example.Main - WARM iteration 3
2024-05-23 23:30:20 INFO  [main] org.example.Main - INFO iteration 4
2024-05-23 23:30:20 DEBUG [main] org.example.Main - DEBUG iteration 4
2024-05-23 23:30:20 WARN  [main] org.example.Main - WARM iteration 4
2024-05-23 23:30:20 INFO  [main] org.example.Main - INFO iteration 5
2024-05-23 23:30:20 DEBUG [main] org.example.Main - DEBUG iteration 5
2024-05-23 23:30:20 WARN  [main] org.example.Main - WARM iteration 5
2024-05-23 23:30:21 INFO  [main] org.example.Main - INFO iteration 6
2024-05-23 23:30:21 DEBUG [main] org.example.Main - DEBUG iteration 6
2024-05-23 23:30:21 WARN  [main] org.example.Main - WARM iteration 6
2024-05-23 23:30:21 INFO  [main] org.example.Main - INFO iteration 7
2024-05-23 23:30:21 DEBUG [main] org.example.Main - DEBUG iteration 7
2024-05-23 23:30:21 WARN  [main] org.example.Main - WARM iteration 7
2024-05-23 23:30:21 INFO  [main] org.example.Main - INFO iteration 8
2024-05-23 23:30:21 DEBUG [main] org.example.Main - DEBUG iteration 8
2024-05-23 23:30:21 WARN  [main] org.example.Main - WARM iteration 8
2024-05-23 23:30:21 INFO  [main] org.example.Main - INFO iteration 9
2024-05-23 23:30:21 DEBUG [main] org.example.Main - DEBUG iteration 9
2024-05-23 23:30:21 WARN  [main] org.example.Main - WARM iteration 9
2024-05-23 23:30:21 INFO  [main] org.example.Main - INFO iteration 10
2024-05-23 23:30:21 DEBUG [main] org.example.Main - DEBUG iteration 10
2024-05-23 23:30:21 WARN  [main] org.example.Main - WARM iteration 10
2024-05-23 23:30:21 INFO  [main] org.example.Main - INFO iteration 11
2024-05-23 23:30:21 DEBUG [main] org.example.Main - DEBUG iteration 11
2024-05-23 23:30:21 WARN  [main] org.example.Main - WARM iteration 11
2024-05-23 23:30:21 INFO  [main] org.example.Main - INFO iteration 12
2024-05-23 23:30:21 DEBUG [main] org.example.Main - DEBUG iteration 12
2024-05-23 23:30:21 WARN  [main] org.example.Main - WARM iteration 12
2024-05-23 23:30:21 INFO  [main] org.example.Main - INFO iteration 13
2024-05-23 23:30:21 DEBUG [main] org.example.Main - DEBUG iteration 13
2024-05-23 23:30:21 WARN  [main] org.example.Main - WARM iteration 13
2024-05-23 23:30:21 INFO  [main] org.example.Main - INFO iteration 14
2024-05-23 23:30:21 DEBUG [main] org.example.Main - DEBUG iteration 14
2024-05-23 23:30:21 WARN  [main] org.example.Main - WARM iteration 14
2024-05-23 23:30:22 INFO  [main] org.example.Main - INFO iteration 15
2024-05-23 23:30:22 DEBUG [main] org.example.Main - DEBUG iteration 15
2024-05-23 23:30:22 WARN  [main] org.example.Main - WARM iteration 15
2024-05-23 23:30:22 INFO  [main] org.example.Main - INFO iteration 16
2024-05-23 23:30:22 DEBUG [main] org.example.Main - DEBUG iteration 16
2024-05-23 23:30:22 WARN  [main] org.example.Main - WARM iteration 16
2024-05-23 23:30:22 INFO  [main] org.example.Main - INFO iteration 17
2024-05-23 23:30:22 DEBUG [main] org.example.Main - DEBUG iteration 17
2024-05-23 23:30:22 WARN  [main] org.example.Main - WARM iteration 17
2024-05-23 23:30:22 INFO  [main] org.example.Main - INFO iteration 18
2024-05-23 23:30:22 DEBUG [main] org.example.Main - DEBUG iteration 18
2024-05-23 23:30:22 WARN  [main] org.example.Main - WARM iteration 18
2024-05-23 23:30:22 INFO  [main] org.example.Main - INFO iteration 19
2024-05-23 23:30:22 DEBUG [main] org.example.Main - DEBUG iteration 19
2024-05-23 23:30:22 WARN  [main] org.example.Main - WARM iteration 19
2024-05-23 23:30:22 INFO  [main] org.example.Main - INFO iteration 20
2024-05-23 23:30:22 DEBUG [main] org.example.Main - DEBUG iteration 20
2024-05-23 23:30:22 WARN  [main] org.example.Main - WARM iteration 20
2024-05-23 23:30:22 INFO  [main] org.example.Main - INFO iteration 21
2024-05-23 23:30:22 DEBUG [main] org.example.Main - DEBUG iteration 21
2024-05-23 23:30:22 WARN  [main] org.example.Main - WARM iteration 21
2024-05-23 23:30:22 INFO  [main] org.example.Main - INFO iteration 22
2024-05-23 23:30:22 DEBUG [main] org.example.Main - DEBUG iteration 22
2024-05-23 23:30:22 WARN  [main] org.example.Main - WARM iteration 22
2024-05-23 23:30:22 INFO  [main] org.example.Main - INFO iteration 23
2024-05-23 23:30:22 DEBUG [main] org.example.Main - DEBUG iteration 23
2024-05-23 23:30:22 WARN  [main] org.example.Main - WARM iteration 23
2024-05-23 23:30:23 INFO  [main] org.example.Main - INFO iteration 24
2024-05-23 23:30:23 DEBUG [main] org.example.Main - DEBUG iteration 24
2024-05-23 23:30:23 WARN  [main] org.example.Main - WARM iteration 24
2024-05-23 23:30:23 INFO  [main] org.example.Main - INFO iteration 25
2024-05-23 23:30:23 DEBUG [main] org.example.Main - DEBUG iteration 25
2024-05-23 23:30:23 WARN  [main] org.example.Main - WARM iteration 25
2024-05-23 23:30:23 INFO  [main] org.example.Main - INFO iteration 26
2024-05-23 23:30:23 DEBUG [main] org.example.Main - DEBUG iteration 26
2024-05-23 23:30:23 WARN  [main] org.example.Main - WARM iteration 26
2024-05-23 23:30:23 INFO  [main] org.example.Main - INFO iteration 27
2024-05-23 23:30:23 DEBUG [main] org.example.Main - DEBUG iteration 27
2024-05-23 23:30:23 WARN  [main] org.example.Main - WARM iteration 27
2024-05-23 23:30:23 INFO  [main] org.example.Main - INFO iteration 28
2024-05-23 23:30:23 DEBUG [main] org.example.Main - DEBUG iteration 28
2024-05-23 23:30:23 WARN  [main] org.example.Main - WARM iteration 28
2024-05-23 23:30:23 INFO  [main] org.example.Main - INFO iteration 29
2024-05-23 23:30:23 DEBUG [main] org.example.Main - DEBUG iteration 29
2024-05-23 23:30:23 WARN  [main] org.example.Main - WARM iteration 29
2024-05-23 23:30:23 INFO  [main] org.example.Main - INFO iteration 30
2024-05-23 23:30:23 DEBUG [main] org.example.Main - DEBUG iteration 30
2024-05-23 23:30:23 WARN  [main] org.example.Main - WARM iteration 30
2024-05-23 23:30:23 INFO  [main] org.example.Main - INFO iteration 31
2024-05-23 23:30:23 DEBUG [main] org.example.Main - DEBUG iteration 31
2024-05-23 23:30:23 WARN  [main] org.example.Main - WARM iteration 31
2024-05-23 23:30:23 INFO  [main] org.example.Main - INFO iteration 32
2024-05-23 23:30:23 DEBUG [main] org.example.Main - DEBUG iteration 32
2024-05-23 23:30:23 WARN  [main] org.example.Main - WARM iteration 32
2024-05-23 23:30:24 INFO  [main] org.example.Main - INFO iteration 33
2024-05-23 23:30:24 DEBUG [main] org.example.Main - DEBUG iteration 33
2024-05-23 23:30:24 WARN  [main] org.example.Main - WARM iteration 33
2024-05-23 23:30:24 INFO  [main] org.example.Main - INFO iteration 34
2024-05-23 23:30:24 DEBUG [main] org.example.Main - DEBUG iteration 34
2024-05-23 23:30:24 WARN  [main] org.example.Main - WARM iteration 34
2024-05-23 23:30:24 INFO  [main] org.example.Main - INFO iteration 35
2024-05-23 23:30:24 DEBUG [main] org.example.Main - DEBUG iteration 35
2024-05-23 23:30:24 WARN  [main] org.example.Main - WARM iteration 35
2024-05-23 23:30:24 INFO  [main] org.example.Main - INFO iteration 36
2024-05-23 23:30:24 DEBUG [main] org.example.Main - DEBUG iteration 36
2024-05-23 23:30:24 WARN  [main] org.example.Main - WARM iteration 36
2024-05-23 23:30:24 INFO  [main] org.example.Main - INFO iteration 37
2024-05-23 23:30:24 DEBUG [main] org.example.Main - DEBUG iteration 37
2024-05-23 23:30:24 WARN  [main] org.example.Main - WARM iteration 37
2024-05-23 23:30:24 INFO  [main] org.example.Main - INFO iteration 38
2024-05-23 23:30:24 DEBUG [main] org.example.Main - DEBUG iteration 38
2024-05-23 23:30:24 WARN  [main] org.example.Main - WARM iteration 38
2024-05-23 23:30:24 INFO  [main] org.example.Main - INFO iteration 39
2024-05-23 23:30:24 DEBUG [main] org.example.Main - DEBUG iteration 39
2024-05-23 23:30:24 WARN  [main] org.example.Main - WARM iteration 39
2024-05-23 23:30:24 INFO  [main] org.example.Main - INFO iteration 40
2024-05-23 23:30:24 DEBUG [main] org.example.Main - DEBUG iteration 40
2024-05-23 23:30:24 WARN  [main] org.example.Main - WARM iteration 40
2024-05-23 23:30:24 INFO  [main] org.example.Main - INFO iteration 41
2024-05-23 23:30:24 DEBUG [main] org.example.Main - DEBUG iteration 41
2024-05-23 23:30:24 WARN  [main] org.example.Main - WARM iteration 41
2024-05-23 23:30:25 INFO  [main] org.example.Main - INFO iteration 42
2024-05-23 23:30:25 DEBUG [main] org.example.Main - DEBUG iteration 42
2024-05-23 23:30:25 WARN  [main] org.example.Main - WARM iteration 42
2024-05-23 23:30:25 INFO  [main] org.example.Main - INFO iteration 43
2024-05-23 23:30:25 DEBUG [main] org.example.Main - DEBUG iteration 43
2024-05-23 23:30:25 WARN  [main] org.example.Main - WARM iteration 43
2024-05-23 23:30:25 INFO  [main] org.example.Main - INFO iteration 44
2024-05-23 23:30:25 DEBUG [main] org.example.Main - DEBUG iteration 44
2024-05-23 23:30:25 WARN  [main] org.example.Main - WARM iteration 44
2024-05-23 23:30:25 INFO  [main] org.example.Main - INFO iteration 45
2024-05-23 23:30:25 DEBUG [main] org.example.Main - DEBUG iteration 45
2024-05-23 23:30:25 WARN  [main] org.example.Main - WARM iteration 45
2024-05-23 23:30:25 INFO  [main] org.example.Main - INFO iteration 46
2024-05-23 23:30:25 DEBUG [main] org.example.Main - DEBUG iteration 46
2024-05-23 23:30:25 WARN  [main] org.example.Main - WARM iteration 46
2024-05-23 23:30:25 INFO  [main] org.example.Main - INFO iteration 47
2024-05-23 23:30:25 DEBUG [main] org.example.Main - DEBUG iteration 47
2024-05-23 23:30:25 WARN  [main] org.example.Main - WARM iteration 47
2024-05-23 23:30:25 INFO  [main] org.example.Main - INFO iteration 48
2024-05-23 23:30:25 DEBUG [main] org.example.Main - DEBUG iteration 48
2024-05-23 23:30:25 WARN  [main] org.example.Main - WARM iteration 48
2024-05-23 23:30:25 INFO  [main] org.example.Main - INFO iteration 49
2024-05-23 23:30:25 DEBUG [main] org.example.Main - DEBUG iteration 49
2024-05-23 23:30:25 WARN  [main] org.example.Main - WARM iteration 49
2024-05-23 23:30:25 INFO  [main] org.example.Main - INFO iteration 50
2024-05-23 23:30:25 DEBUG [main] org.example.Main - DEBUG iteration 50
2024-05-23 23:30:25 WARN  [main] org.example.Main - WARM iteration 50
2024-05-23 23:30:26 INFO  [main] org.example.Main - INFO iteration 51
2024-05-23 23:30:26 DEBUG [main] org.example.Main - DEBUG iteration 51
2024-05-23 23:30:26 WARN  [main] org.example.Main - WARM iteration 51
2024-05-23 23:30:26 INFO  [main] org.example.Main - INFO iteration 52
2024-05-23 23:30:26 DEBUG [main] org.example.Main - DEBUG iteration 52
2024-05-23 23:30:26 WARN  [main] org.example.Main - WARM iteration 52
2024-05-23 23:30:26 INFO  [main] org.example.Main - INFO iteration 53
2024-05-23 23:30:26 DEBUG [main] org.example.Main - DEBUG iteration 53
2024-05-23 23:30:26 WARN  [main] org.example.Main - WARM iteration 53
2024-05-23 23:30:26 INFO  [main] org.example.Main - INFO iteration 54
2024-05-23 23:30:26 DEBUG [main] org.example.Main - DEBUG iteration 54
2024-05-23 23:30:26 WARN  [main] org.example.Main - WARM iteration 54
2024-05-23 23:30:26 INFO  [main] org.example.Main - INFO iteration 55
2024-05-23 23:30:26 DEBUG [main] org.example.Main - DEBUG iteration 55
2024-05-23 23:30:26 WARN  [main] org.example.Main - WARM iteration 55
2024-05-23 23:30:26 INFO  [main] org.example.Main - INFO iteration 56
2024-05-23 23:30:26 DEBUG [main] org.example.Main - DEBUG iteration 56
2024-05-23 23:30:26 WARN  [main] org.example.Main - WARM iteration 56
2024-05-23 23:30:26 INFO  [main] org.example.Main - INFO iteration 57
2024-05-23 23:30:26 DEBUG [main] org.example.Main - DEBUG iteration 57
2024-05-23 23:30:26 WARN  [main] org.example.Main - WARM iteration 57
2024-05-23 23:30:26 INFO  [main] org.example.Main - INFO iteration 58
2024-05-23 23:30:26 DEBUG [main] org.example.Main - DEBUG iteration 58
2024-05-23 23:30:26 WARN  [main] org.example.Main - WARM iteration 58
2024-05-23 23:30:26 INFO  [main] org.example.Main - INFO iteration 59
2024-05-23 23:30:26 DEBUG [main] org.example.Main - DEBUG iteration 59
2024-05-23 23:30:26 WARN  [main] org.example.Main - WARM iteration 59
2024-05-23 23:30:26 INFO  [main] org.example.Main - INFO iteration 60
2024-05-23 23:30:26 DEBUG [main] org.example.Main - DEBUG iteration 60
2024-05-23 23:30:26 WARN  [main] org.example.Main - WARM iteration 60
2024-05-23 23:30:27 INFO  [main] org.example.Main - INFO iteration 61
2024-05-23 23:30:27 DEBUG [main] org.example.Main - DEBUG iteration 61
2024-05-23 23:30:27 WARN  [main] org.example.Main - WARM iteration 61
2024-05-23 23:30:27 INFO  [main] org.example.Main - INFO iteration 62
2024-05-23 23:30:27 DEBUG [main] org.example.Main - DEBUG iteration 62
2024-05-23 23:30:27 WARN  [main] org.example.Main - WARM iteration 62
2024-05-23 23:30:27 INFO  [main] org.example.Main - INFO iteration 63
2024-05-23 23:30:27 DEBUG [main] org.example.Main - DEBUG iteration 63
2024-05-23 23:30:27 WARN  [main] org.example.Main - WARM iteration 63
2024-05-23 23:30:27 INFO  [main] org.example.Main - INFO iteration 64
2024-05-23 23:30:27 DEBUG [main] org.example.Main - DEBUG iteration 64
2024-05-23 23:30:27 WARN  [main] org.example.Main - WARM iteration 64
2024-05-23 23:30:27 INFO  [main] org.example.Main - INFO iteration 65
2024-05-23 23:30:27 DEBUG [main] org.example.Main - DEBUG iteration 65
2024-05-23 23:30:27 WARN  [main] org.example.Main - WARM iteration 65
2024-05-23 23:30:27 INFO  [main] org.example.Main - INFO iteration 66
2024-05-23 23:30:27 DEBUG [main] org.example.Main - DEBUG iteration 66
2024-05-23 23:30:27 WARN  [main] org.example.Main - WARM iteration 66
2024-05-23 23:30:27 INFO  [main] org.example.Main - INFO iteration 67
2024-05-23 23:30:27 DEBUG [main] org.example.Main - DEBUG iteration 67
2024-05-23 23:30:27 WARN  [main] org.example.Main - WARM iteration 67
2024-05-23 23:30:27 INFO  [main] org.example.Main - INFO iteration 68
2024-05-23 23:30:27 DEBUG [main] org.example.Main - DEBUG iteration 68
2024-05-23 23:30:27 WARN  [main] org.example.Main - WARM iteration 68
2024-05-23 23:30:27 INFO  [main] org.example.Main - INFO iteration 69
2024-05-23 23:30:27 DEBUG [main] org.example.Main - DEBUG iteration 69
2024-05-23 23:30:27 WARN  [main] org.example.Main - WARM iteration 69
2024-05-23 23:30:28 INFO  [main] org.example.Main - INFO iteration 70
2024-05-23 23:30:28 DEBUG [main] org.example.Main - DEBUG iteration 70
2024-05-23 23:30:28 WARN  [main] org.example.Main - WARM iteration 70
2024-05-23 23:30:28 INFO  [main] org.example.Main - INFO iteration 71
2024-05-23 23:30:28 DEBUG [main] org.example.Main - DEBUG iteration 71
2024-05-23 23:30:28 WARN  [main] org.example.Main - WARM iteration 71
2024-05-23 23:30:28 INFO  [main] org.example.Main - INFO iteration 72
2024-05-23 23:30:28 DEBUG [main] org.example.Main - DEBUG iteration 72
2024-05-23 23:30:28 WARN  [main] org.example.Main - WARM iteration 72
2024-05-23 23:30:28 INFO  [main] org.example.Main - INFO iteration 73
2024-05-23 23:30:28 DEBUG [main] org.example.Main - DEBUG iteration 73
2024-05-23 23:30:28 WARN  [main] org.example.Main - WARM iteration 73
2024-05-23 23:30:28 INFO  [main] org.example.Main - INFO iteration 74
2024-05-23 23:30:28 DEBUG [main] org.example.Main - DEBUG iteration 74
2024-05-23 23:30:28 WARN  [main] org.example.Main - WARM iteration 74
2024-05-23 23:30:28 INFO  [main] org.example.Main - INFO iteration 75
2024-05-23 23:30:28 DEBUG [main] org.example.Main - DEBUG iteration 75
2024-05-23 23:30:28 WARN  [main] org.example.Main - WARM iteration 75
2024-05-23 23:30:28 INFO  [main] org.example.Main - INFO iteration 76
2024-05-23 23:30:28 DEBUG [main] org.example.Main - DEBUG iteration 76
2024-05-23 23:30:28 WARN  [main] org.example.Main - WARM iteration 76
2024-05-23 23:30:28 INFO  [main] org.example.Main - INFO iteration 77
2024-05-23 23:30:28 DEBUG [main] org.example.Main - DEBUG iteration 77
2024-05-23 23:30:28 WARN  [main] org.example.Main - WARM iteration 77
2024-05-23 23:30:28 INFO  [main] org.example.Main - INFO iteration 78
2024-05-23 23:30:28 DEBUG [main] org.example.Main - DEBUG iteration 78
2024-05-23 23:30:28 WARN  [main] org.example.Main - WARM iteration 78
2024-05-23 23:30:29 INFO  [main] org.example.Main - INFO iteration 79
2024-05-23 23:30:29 DEBUG [main] org.example.Main - DEBUG iteration 79
2024-05-23 23:30:29 WARN  [main] org.example.Main - WARM iteration 79
2024-05-23 23:30:29 INFO  [main] org.example.Main - INFO iteration 80
2024-05-23 23:30:29 DEBUG [main] org.example.Main - DEBUG iteration 80
2024-05-23 23:30:29 WARN  [main] org.example.Main - WARM iteration 80
2024-05-23 23:30:29 INFO  [main] org.example.Main - INFO iteration 81
2024-05-23 23:30:29 DEBUG [main] org.example.Main - DEBUG iteration 81
2024-05-23 23:30:29 WARN  [main] org.example.Main - WARM iteration 81
2024-05-23 23:30:29 INFO  [main] org.example.Main - INFO iteration 82
2024-05-23 23:30:29 DEBUG [main] org.example.Main - DEBUG iteration 82
2024-05-23 23:30:29 WARN  [main] org.example.Main - WARM iteration 82
2024-05-23 23:30:29 INFO  [main] org.example.Main - INFO iteration 83
2024-05-23 23:30:29 DEBUG [main] org.example.Main - DEBUG iteration 83
2024-05-23 23:30:29 WARN  [main] org.example.Main - WARM iteration 83
2024-05-23 23:30:29 INFO  [main] org.example.Main - INFO iteration 84
2024-05-23 23:30:29 DEBUG [main] org.example.Main - DEBUG iteration 84
2024-05-23 23:30:29 WARN  [main] org.example.Main - WARM iteration 84
2024-05-23 23:30:29 INFO  [main] org.example.Main - INFO iteration 85
2024-05-23 23:30:29 DEBUG [main] org.example.Main - DEBUG iteration 85
2024-05-23 23:30:29 WARN  [main] org.example.Main - WARM iteration 85
2024-05-23 23:30:29 INFO  [main] org.example.Main - INFO iteration 86
2024-05-23 23:30:29 DEBUG [main] org.example.Main - DEBUG iteration 86
2024-05-23 23:30:29 WARN  [main] org.example.Main - WARM iteration 86
2024-05-23 23:30:29 INFO  [main] org.example.Main - INFO iteration 87
2024-05-23 23:30:29 DEBUG [main] org.example.Main - DEBUG iteration 87
2024-05-23 23:30:29 WARN  [main] org.example.Main - WARM iteration 87
2024-05-23 23:30:30 INFO  [main] org.example.Main - INFO iteration 88
2024-05-23 23:30:30 DEBUG [main] org.example.Main - DEBUG iteration 88
2024-05-23 23:30:30 WARN  [main] org.example.Main - WARM iteration 88
2024-05-23 23:30:30 INFO  [main] org.example.Main - INFO iteration 89
2024-05-23 23:30:30 DEBUG [main] org.example.Main - DEBUG iteration 89
2024-05-23 23:30:30 WARN  [main] org.example.Main - WARM iteration 89
2024-05-23 23:30:30 INFO  [main] org.example.Main - INFO iteration 90
2024-05-23 23:30:30 DEBUG [main] org.example.Main - DEBUG iteration 90
2024-05-23 23:30:30 WARN  [main] org.example.Main - WARM iteration 90
2024-05-23 23:30:30 INFO  [main] org.example.Main - INFO iteration 91
2024-05-23 23:30:30 DEBUG [main] org.example.Main - DEBUG iteration 91
2024-05-23 23:30:30 WARN  [main] org.example.Main - WARM iteration 91
2024-05-23 23:30:30 INFO  [main] org.example.Main - INFO iteration 92
2024-05-23 23:30:30 DEBUG [main] org.example.Main - DEBUG iteration 92
2024-05-23 23:30:30 WARN  [main] org.example.Main - WARM iteration 92
2024-05-23 23:30:30 INFO  [main] org.example.Main - INFO iteration 93
2024-05-23 23:30:30 DEBUG [main] org.example.Main - DEBUG iteration 93
2024-05-23 23:30:30 WARN  [main] org.example.Main - WARM iteration 93
2024-05-23 23:30:30 INFO  [main] org.example.Main - INFO iteration 94
2024-05-23 23:30:30 DEBUG [main] org.example.Main - DEBUG iteration 94
2024-05-23 23:30:30 WARN  [main] org.example.Main - WARM iteration 94
2024-05-23 23:30:30 INFO  [main] org.example.Main - INFO iteration 95
2024-05-23 23:30:30 DEBUG [main] org.example.Main - DEBUG iteration 95
2024-05-23 23:30:30 WARN  [main] org.example.Main - WARM iteration 95
2024-05-23 23:30:30 INFO  [main] org.example.Main - INFO iteration 96
2024-05-23 23:30:30 DEBUG [main] org.example.Main - DEBUG iteration 96
2024-05-23 23:30:30 WARN  [main] org.example.Main - WARM iteration 96
2024-05-23 23:30:31 INFO  [main] org.example.Main - INFO iteration 97
2024-05-23 23:30:31 DEBUG [main] org.example.Main - DEBUG iteration 97
2024-05-23 23:30:31 WARN  [main] org.example.Main - WARM iteration 97
2024-05-23 23:30:31 INFO  [main] org.example.Main - INFO iteration 98
2024-05-23 23:30:31 DEBUG [main] org.example.Main - DEBUG iteration 98
2024-05-23 23:30:31 WARN  [main] org.example.Main - WARM iteration 98
2024-05-23 23:30:31 INFO  [main] org.example.Main - INFO iteration 99
2024-05-23 23:30:31 DEBUG [main] org.example.Main - DEBUG iteration 99
2024-05-23 23:30:31 WARN  [main] org.example.Main - WARM iteration 99
2024-05-23 23:30:50 DEBUG [main] org.example.Main - Running with Spring Boot v3.2.5, Spring v6.1.7
2024-05-23 23:30:50 DEBUG [main] org.example.Main - DEBUG iteration 0
2024-05-23 23:30:50 DEBUG [main] org.example.Main - DEBUG iteration 1
2024-05-23 23:30:50 DEBUG [main] org.example.Main - DEBUG iteration 2
2024-05-23 23:30:50 DEBUG [main] org.example.Main - DEBUG iteration 3
2024-05-23 23:30:50 DEBUG [main] org.example.Main - DEBUG iteration 4
2024-05-23 23:30:51 DEBUG [main] org.example.Main - DEBUG iteration 5
2024-05-23 23:30:51 DEBUG [main] org.example.Main - DEBUG iteration 6
2024-05-23 23:30:51 DEBUG [main] org.example.Main - DEBUG iteration 7
2024-05-23 23:30:51 DEBUG [main] org.example.Main - DEBUG iteration 8
2024-05-23 23:30:51 DEBUG [main] org.example.Main - DEBUG iteration 9
2024-05-23 23:30:51 DEBUG [main] org.example.Main - DEBUG iteration 10
2024-05-23 23:30:51 DEBUG [main] org.example.Main - DEBUG iteration 11
2024-05-23 23:30:51 DEBUG [main] org.example.Main - DEBUG iteration 12
2024-05-23 23:30:51 DEBUG [main] org.example.Main - DEBUG iteration 13
2024-05-23 23:30:51 DEBUG [main] org.example.Main - DEBUG iteration 14
2024-05-23 23:30:52 DEBUG [main] org.example.Main - DEBUG iteration 15
2024-05-23 23:30:52 DEBUG [main] org.example.Main - DEBUG iteration 16
2024-05-23 23:30:52 DEBUG [main] org.example.Main - DEBUG iteration 17
2024-05-23 23:30:52 DEBUG [main] org.example.Main - DEBUG iteration 18
2024-05-23 23:30:52 DEBUG [main] org.example.Main - DEBUG iteration 19
2024-05-23 23:30:52 DEBUG [main] org.example.Main - DEBUG iteration 20
2024-05-23 23:30:52 DEBUG [main] org.example.Main - DEBUG iteration 21
2024-05-23 23:30:52 DEBUG [main] org.example.Main - DEBUG iteration 22
2024-05-23 23:30:52 DEBUG [main] org.example.Main - DEBUG iteration 23
2024-05-23 23:30:53 DEBUG [main] org.example.Main - DEBUG iteration 24
2024-05-23 23:30:53 DEBUG [main] org.example.Main - DEBUG iteration 25
2024-05-23 23:30:53 DEBUG [main] org.example.Main - DEBUG iteration 26
2024-05-23 23:30:53 DEBUG [main] org.example.Main - DEBUG iteration 27
2024-05-23 23:30:53 DEBUG [main] org.example.Main - DEBUG iteration 28
2024-05-23 23:30:53 DEBUG [main] org.example.Main - DEBUG iteration 29
2024-05-23 23:30:53 DEBUG [main] org.example.Main - DEBUG iteration 30
2024-05-23 23:30:53 DEBUG [main] org.example.Main - DEBUG iteration 31
2024-05-23 23:30:53 DEBUG [main] org.example.Main - DEBUG iteration 32
2024-05-23 23:30:54 DEBUG [main] org.example.Main - DEBUG iteration 33
2024-05-23 23:30:54 DEBUG [main] org.example.Main - DEBUG iteration 34
2024-05-23 23:30:54 DEBUG [main] org.example.Main - DEBUG iteration 35
2024-05-23 23:30:54 DEBUG [main] org.example.Main - DEBUG iteration 36
2024-05-23 23:30:54 DEBUG [main] org.example.Main - DEBUG iteration 37
2024-05-23 23:30:54 DEBUG [main] org.example.Main - DEBUG iteration 38
2024-05-23 23:30:54 DEBUG [main] org.example.Main - DEBUG iteration 39
2024-05-23 23:30:54 DEBUG [main] org.example.Main - DEBUG iteration 40
2024-05-23 23:30:54 DEBUG [main] org.example.Main - DEBUG iteration 41
2024-05-23 23:30:55 DEBUG [main] org.example.Main - DEBUG iteration 42
2024-05-23 23:30:55 DEBUG [main] org.example.Main - DEBUG iteration 43
2024-05-23 23:30:55 DEBUG [main] org.example.Main - DEBUG iteration 44
2024-05-23 23:30:55 DEBUG [main] org.example.Main - DEBUG iteration 45
2024-05-23 23:30:55 DEBUG [main] org.example.Main - DEBUG iteration 46
2024-05-23 23:30:55 DEBUG [main] org.example.Main - DEBUG iteration 47
2024-05-23 23:30:55 DEBUG [main] org.example.Main - DEBUG iteration 48
2024-05-23 23:30:55 DEBUG [main] org.example.Main - DEBUG iteration 49
2024-05-23 23:30:55 DEBUG [main] org.example.Main - DEBUG iteration 50
2024-05-23 23:30:56 DEBUG [main] org.example.Main - DEBUG iteration 51
2024-05-23 23:30:56 DEBUG [main] org.example.Main - DEBUG iteration 52
2024-05-23 23:30:56 DEBUG [main] org.example.Main - DEBUG iteration 53
2024-05-23 23:30:56 DEBUG [main] org.example.Main - DEBUG iteration 54
2024-05-23 23:30:56 DEBUG [main] org.example.Main - DEBUG iteration 55
2024-05-23 23:30:56 DEBUG [main] org.example.Main - DEBUG iteration 56
2024-05-23 23:30:56 DEBUG [main] org.example.Main - DEBUG iteration 57
2024-05-23 23:30:56 DEBUG [main] org.example.Main - DEBUG iteration 58
2024-05-23 23:30:56 DEBUG [main] org.example.Main - DEBUG iteration 59
2024-05-23 23:30:57 DEBUG [main] org.example.Main - DEBUG iteration 60
2024-05-23 23:30:57 DEBUG [main] org.example.Main - DEBUG iteration 61
2024-05-23 23:30:57 DEBUG [main] org.example.Main - DEBUG iteration 62
2024-05-23 23:30:57 DEBUG [main] org.example.Main - DEBUG iteration 63
2024-05-23 23:30:57 DEBUG [main] org.example.Main - DEBUG iteration 64
2024-05-23 23:30:57 DEBUG [main] org.example.Main - DEBUG iteration 65
2024-05-23 23:30:57 DEBUG [main] org.example.Main - DEBUG iteration 66
2024-05-23 23:30:57 DEBUG [main] org.example.Main - DEBUG iteration 67
2024-05-23 23:30:57 DEBUG [main] org.example.Main - DEBUG iteration 68
2024-05-23 23:30:57 DEBUG [main] org.example.Main - DEBUG iteration 69
2024-05-23 23:30:58 DEBUG [main] org.example.Main - DEBUG iteration 70
2024-05-23 23:30:58 DEBUG [main] org.example.Main - DEBUG iteration 71
2024-05-23 23:30:58 DEBUG [main] org.example.Main - DEBUG iteration 72
2024-05-23 23:30:58 DEBUG [main] org.example.Main - DEBUG iteration 73
2024-05-23 23:30:58 DEBUG [main] org.example.Main - DEBUG iteration 74
2024-05-23 23:30:58 DEBUG [main] org.example.Main - DEBUG iteration 75
2024-05-23 23:30:58 DEBUG [main] org.example.Main - DEBUG iteration 76
2024-05-23 23:30:58 DEBUG [main] org.example.Main - DEBUG iteration 77
2024-05-23 23:30:58 DEBUG [main] org.example.Main - DEBUG iteration 78
2024-05-23 23:30:59 DEBUG [main] org.example.Main - DEBUG iteration 79
2024-05-23 23:30:59 DEBUG [main] org.example.Main - DEBUG iteration 80
2024-05-23 23:30:59 DEBUG [main] org.example.Main - DEBUG iteration 81
2024-05-23 23:30:59 DEBUG [main] org.example.Main - DEBUG iteration 82
2024-05-23 23:30:59 DEBUG [main] org.example.Main - DEBUG iteration 83
2024-05-23 23:30:59 DEBUG [main] org.example.Main - DEBUG iteration 84
2024-05-23 23:30:59 DEBUG [main] org.example.Main - DEBUG iteration 85
2024-05-23 23:30:59 DEBUG [main] org.example.Main - DEBUG iteration 86
2024-05-23 23:30:59 DEBUG [main] org.example.Main - DEBUG iteration 87
2024-05-23 23:31:00 DEBUG [main] org.example.Main - DEBUG iteration 88
2024-05-23 23:31:00 DEBUG [main] org.example.Main - DEBUG iteration 89
2024-05-23 23:31:00 DEBUG [main] org.example.Main - DEBUG iteration 90
2024-05-23 23:31:00 DEBUG [main] org.example.Main - DEBUG iteration 91
2024-05-23 23:31:00 DEBUG [main] org.example.Main - DEBUG iteration 92
2024-05-23 23:31:00 DEBUG [main] org.example.Main - DEBUG iteration 93
2024-05-23 23:31:00 DEBUG [main] org.example.Main - DEBUG iteration 94
2024-05-23 23:31:00 DEBUG [main] org.example.Main - DEBUG iteration 95
2024-05-23 23:31:00 DEBUG [main] org.example.Main - DEBUG iteration 96
2024-05-23 23:31:01 DEBUG [main] org.example.Main - DEBUG iteration 97
2024-05-23 23:31:01 DEBUG [main] org.example.Main - DEBUG iteration 98
2024-05-23 23:31:01 DEBUG [main] org.example.Main - DEBUG iteration 99
2024-05-23 23:31:22 DEBUG [main] org.example.Main - Running with Spring Boot v3.2.5, Spring v6.1.7
2024-05-23 23:31:22 DEBUG [main] org.example.Main - DEBUG iteration 0
2024-05-23 23:31:23 DEBUG [main] org.example.Main - DEBUG iteration 1
2024-05-23 23:31:23 DEBUG [main] org.example.Main - DEBUG iteration 2
2024-05-23 23:31:23 DEBUG [main] org.example.Main - DEBUG iteration 3
2024-05-23 23:31:23 DEBUG [main] org.example.Main - DEBUG iteration 4
2024-05-23 23:31:23 DEBUG [main] org.example.Main - DEBUG iteration 5
2024-05-23 23:31:23 DEBUG [main] org.example.Main - DEBUG iteration 6
2024-05-23 23:31:23 DEBUG [main] org.example.Main - DEBUG iteration 7
2024-05-23 23:31:23 DEBUG [main] org.example.Main - DEBUG iteration 8
2024-05-23 23:31:23 DEBUG [main] org.example.Main - DEBUG iteration 9
2024-05-23 23:31:24 DEBUG [main] org.example.Main - DEBUG iteration 10
2024-05-23 23:31:24 DEBUG [main] org.example.Main - DEBUG iteration 11
2024-05-23 23:31:24 DEBUG [main] org.example.Main - DEBUG iteration 12
2024-05-23 23:31:24 DEBUG [main] org.example.Main - DEBUG iteration 13
2024-05-23 23:31:24 DEBUG [main] org.example.Main - DEBUG iteration 14
2024-05-23 23:31:24 DEBUG [main] org.example.Main - DEBUG iteration 15
2024-05-23 23:31:24 DEBUG [main] org.example.Main - DEBUG iteration 16
2024-05-23 23:31:24 DEBUG [main] org.example.Main - DEBUG iteration 17
2024-05-23 23:31:24 DEBUG [main] org.example.Main - DEBUG iteration 18
2024-05-23 23:31:24 DEBUG [main] org.example.Main - DEBUG iteration 19
2024-05-23 23:31:25 DEBUG [main] org.example.Main - DEBUG iteration 20
2024-05-23 23:31:25 DEBUG [main] org.example.Main - DEBUG iteration 21
2024-05-23 23:31:25 DEBUG [main] org.example.Main - DEBUG iteration 22
2024-05-23 23:31:25 DEBUG [main] org.example.Main - DEBUG iteration 23
2024-05-23 23:31:25 DEBUG [main] org.example.Main - DEBUG iteration 24
2024-05-23 23:31:25 DEBUG [main] org.example.Main - DEBUG iteration 25
2024-05-23 23:31:25 DEBUG [main] org.example.Main - DEBUG iteration 26
2024-05-23 23:31:25 DEBUG [main] org.example.Main - DEBUG iteration 27
2024-05-23 23:31:25 DEBUG [main] org.example.Main - DEBUG iteration 28
2024-05-23 23:31:26 DEBUG [main] org.example.Main - DEBUG iteration 29
2024-05-23 23:31:26 DEBUG [main] org.example.Main - DEBUG iteration 30
2024-05-23 23:31:26 DEBUG [main] org.example.Main - DEBUG iteration 31
2024-05-23 23:31:26 DEBUG [main] org.example.Main - DEBUG iteration 32
2024-05-23 23:31:26 DEBUG [main] org.example.Main - DEBUG iteration 33
2024-05-23 23:31:26 DEBUG [main] org.example.Main - DEBUG iteration 34
2024-05-23 23:31:26 DEBUG [main] org.example.Main - DEBUG iteration 35
2024-05-23 23:31:26 DEBUG [main] org.example.Main - DEBUG iteration 36
2024-05-23 23:31:26 DEBUG [main] org.example.Main - DEBUG iteration 37
2024-05-23 23:31:27 DEBUG [main] org.example.Main - DEBUG iteration 38
2024-05-23 23:31:27 DEBUG [main] org.example.Main - DEBUG iteration 39
2024-05-23 23:31:27 DEBUG [main] org.example.Main - DEBUG iteration 40
2024-05-23 23:31:27 DEBUG [main] org.example.Main - DEBUG iteration 41
2024-05-23 23:31:27 DEBUG [main] org.example.Main - DEBUG iteration 42
2024-05-23 23:31:27 DEBUG [main] org.example.Main - DEBUG iteration 43
2024-05-23 23:31:27 DEBUG [main] org.example.Main - DEBUG iteration 44
2024-05-23 23:31:27 DEBUG [main] org.example.Main - DEBUG iteration 45
2024-05-23 23:31:27 DEBUG [main] org.example.Main - DEBUG iteration 46
2024-05-23 23:31:28 DEBUG [main] org.example.Main - DEBUG iteration 47
2024-05-23 23:31:28 DEBUG [main] org.example.Main - DEBUG iteration 48
2024-05-23 23:31:28 DEBUG [main] org.example.Main - DEBUG iteration 49
2024-05-23 23:31:28 DEBUG [main] org.example.Main - DEBUG iteration 50
2024-05-23 23:31:28 DEBUG [main] org.example.Main - DEBUG iteration 51
2024-05-23 23:31:28 DEBUG [main] org.example.Main - DEBUG iteration 52
2024-05-23 23:31:28 DEBUG [main] org.example.Main - DEBUG iteration 53
2024-05-23 23:31:28 DEBUG [main] org.example.Main - DEBUG iteration 54
2024-05-23 23:31:28 DEBUG [main] org.example.Main - DEBUG iteration 55
2024-05-23 23:31:29 DEBUG [main] org.example.Main - DEBUG iteration 56
2024-05-23 23:31:29 DEBUG [main] org.example.Main - DEBUG iteration 57
2024-05-23 23:31:29 DEBUG [main] org.example.Main - DEBUG iteration 58
2024-05-23 23:31:29 DEBUG [main] org.example.Main - DEBUG iteration 59
2024-05-23 23:31:29 DEBUG [main] org.example.Main - DEBUG iteration 60
2024-05-23 23:31:29 DEBUG [main] org.example.Main - DEBUG iteration 61
2024-05-23 23:31:29 DEBUG [main] org.example.Main - DEBUG iteration 62
2024-05-23 23:31:29 DEBUG [main] org.example.Main - DEBUG iteration 63
2024-05-23 23:31:29 DEBUG [main] org.example.Main - DEBUG iteration 64
2024-05-23 23:31:30 DEBUG [main] org.example.Main - DEBUG iteration 65
2024-05-23 23:31:30 DEBUG [main] org.example.Main - DEBUG iteration 66
2024-05-23 23:31:30 DEBUG [main] org.example.Main - DEBUG iteration 67
2024-05-23 23:31:30 DEBUG [main] org.example.Main - DEBUG iteration 68
2024-05-23 23:31:30 DEBUG [main] org.example.Main - DEBUG iteration 69
2024-05-23 23:31:30 DEBUG [main] org.example.Main - DEBUG iteration 70
2024-05-23 23:31:30 DEBUG [main] org.example.Main - DEBUG iteration 71
2024-05-23 23:31:30 DEBUG [main] org.example.Main - DEBUG iteration 72
2024-05-23 23:31:30 DEBUG [main] org.example.Main - DEBUG iteration 73
2024-05-23 23:31:31 DEBUG [main] org.example.Main - DEBUG iteration 74
2024-05-23 23:31:31 DEBUG [main] org.example.Main - DEBUG iteration 75
2024-05-23 23:31:31 DEBUG [main] org.example.Main - DEBUG iteration 76
2024-05-23 23:31:31 DEBUG [main] org.example.Main - DEBUG iteration 77
2024-05-23 23:31:31 DEBUG [main] org.example.Main - DEBUG iteration 78
2024-05-23 23:31:31 DEBUG [main] org.example.Main - DEBUG iteration 79
2024-05-23 23:31:31 DEBUG [main] org.example.Main - DEBUG iteration 80
2024-05-23 23:31:31 DEBUG [main] org.example.Main - DEBUG iteration 81
2024-05-23 23:31:31 DEBUG [main] org.example.Main - DEBUG iteration 82
2024-05-23 23:31:31 DEBUG [main] org.example.Main - DEBUG iteration 83
2024-05-23 23:31:32 DEBUG [main] org.example.Main - DEBUG iteration 84
2024-05-23 23:31:32 DEBUG [main] org.example.Main - DEBUG iteration 85
2024-05-23 23:31:32 DEBUG [main] org.example.Main - DEBUG iteration 86
2024-05-23 23:31:32 DEBUG [main] org.example.Main - DEBUG iteration 87
2024-05-23 23:31:32 DEBUG [main] org.example.Main - DEBUG iteration 88
2024-05-23 23:31:32 DEBUG [main] org.example.Main - DEBUG iteration 89
2024-05-23 23:31:32 DEBUG [main] org.example.Main - DEBUG iteration 90
2024-05-23 23:31:32 DEBUG [main] org.example.Main - DEBUG iteration 91
2024-05-23 23:31:32 DEBUG [main] org.example.Main - DEBUG iteration 92
2024-05-23 23:31:33 DEBUG [main] org.example.Main - DEBUG iteration 93
2024-05-23 23:31:33 DEBUG [main] org.example.Main - DEBUG iteration 94
2024-05-23 23:31:33 DEBUG [main] org.example.Main - DEBUG iteration 95
2024-05-23 23:31:33 DEBUG [main] org.example.Main - DEBUG iteration 96
2024-05-23 23:31:33 DEBUG [main] org.example.Main - DEBUG iteration 97
2024-05-23 23:31:33 DEBUG [main] org.example.Main - DEBUG iteration 98
2024-05-23 23:31:33 DEBUG [main] org.example.Main - DEBUG iteration 99
2024-05-23 23:32:26 DEBUG [main] org.example.Main - Running with Spring Boot v3.2.5, Spring v6.1.7
2024-05-23 23:32:26 DEBUG [main] org.example.Main - DEBUG iteration 0
2024-05-23 23:32:26 DEBUG [main] org.example.Main - DEBUG iteration 1
2024-05-23 23:32:26 DEBUG [main] org.example.Main - DEBUG iteration 2
2024-05-23 23:32:26 DEBUG [main] org.example.Main - DEBUG iteration 3
2024-05-23 23:32:26 DEBUG [main] org.example.Main - DEBUG iteration 4
2024-05-23 23:32:26 DEBUG [main] org.example.Main - DEBUG iteration 5
2024-05-23 23:32:26 DEBUG [main] org.example.Main - DEBUG iteration 6
2024-05-23 23:32:26 DEBUG [main] org.example.Main - DEBUG iteration 7
2024-05-23 23:32:26 DEBUG [main] org.example.Main - DEBUG iteration 8
2024-05-23 23:32:26 DEBUG [main] org.example.Main - DEBUG iteration 9
2024-05-23 23:32:26 DEBUG [main] org.example.Main - DEBUG iteration 10
2024-05-23 23:32:26 DEBUG [main] org.example.Main - DEBUG iteration 11
2024-05-23 23:32:26 DEBUG [main] org.example.Main - DEBUG iteration 12
2024-05-23 23:32:26 DEBUG [main] org.example.Main - DEBUG iteration 13
2024-05-23 23:32:26 DEBUG [main] org.example.Main - DEBUG iteration 14
2024-05-23 23:32:26 DEBUG [main] org.example.Main - DEBUG iteration 15
2024-05-23 23:32:26 DEBUG [main] org.example.Main - DEBUG iteration 16
2024-05-23 23:32:26 DEBUG [main] org.example.Main - DEBUG iteration 17
2024-05-23 23:32:26 DEBUG [main] org.example.Main - DEBUG iteration 18
2024-05-23 23:32:26 DEBUG [main] org.example.Main - DEBUG iteration 19
2024-05-23 23:32:26 DEBUG [main] org.example.Main - DEBUG iteration 20
2024-05-23 23:32:26 DEBUG [main] org.example.Main - DEBUG iteration 21
2024-05-23 23:32:26 DEBUG [main] org.example.Main - DEBUG iteration 22
2024-05-23 23:32:26 DEBUG [main] org.example.Main - DEBUG iteration 23
2024-05-23 23:32:26 DEBUG [main] org.example.Main - DEBUG iteration 24
2024-05-23 23:32:26 DEBUG [main] org.example.Main - DEBUG iteration 25
2024-05-23 23:32:26 DEBUG [main] org.example.Main - DEBUG iteration 26
2024-05-23 23:32:26 DEBUG [main] org.example.Main - DEBUG iteration 27
2024-05-23 23:32:26 DEBUG [main] org.example.Main - DEBUG iteration 28
2024-05-23 23:32:26 DEBUG [main] org.example.Main - DEBUG iteration 29
2024-05-23 23:32:26 DEBUG [main] org.example.Main - DEBUG iteration 30
2024-05-23 23:32:26 DEBUG [main] org.example.Main - DEBUG iteration 31
2024-05-23 23:32:26 DEBUG [main] org.example.Main - DEBUG iteration 32
2024-05-23 23:32:26 DEBUG [main] org.example.Main - DEBUG iteration 33
2024-05-23 23:32:26 DEBUG [main] org.example.Main - DEBUG iteration 34
2024-05-23 23:32:26 DEBUG [main] org.example.Main - DEBUG iteration 35
2024-05-23 23:32:26 DEBUG [main] org.example.Main - DEBUG iteration 36
2024-05-23 23:32:26 DEBUG [main] org.example.Main - DEBUG iteration 37
2024-05-23 23:32:26 DEBUG [main] org.example.Main - DEBUG iteration 38
2024-05-23 23:32:26 DEBUG [main] org.example.Main - DEBUG iteration 39
2024-05-23 23:32:26 DEBUG [main] org.example.Main - DEBUG iteration 40
2024-05-23 23:32:26 DEBUG [main] org.example.Main - DEBUG iteration 41
2024-05-23 23:32:26 DEBUG [main] org.example.Main - DEBUG iteration 42
2024-05-23 23:32:26 DEBUG [main] org.example.Main - DEBUG iteration 43
2024-05-23 23:32:26 DEBUG [main] org.example.Main - DEBUG iteration 44
2024-05-23 23:32:26 DEBUG [main] org.example.Main - DEBUG iteration 45
2024-05-23 23:32:26 DEBUG [main] org.example.Main - DEBUG iteration 46
2024-05-23 23:32:26 DEBUG [main] org.example.Main - DEBUG iteration 47
2024-05-23 23:32:26 DEBUG [main] org.example.Main - DEBUG iteration 48
2024-05-23 23:32:26 DEBUG [main] org.example.Main - DEBUG iteration 49
2024-05-23 23:32:26 DEBUG [main] org.example.Main - DEBUG iteration 50
2024-05-23 23:32:26 DEBUG [main] org.example.Main - DEBUG iteration 51
2024-05-23 23:32:26 DEBUG [main] org.example.Main - DEBUG iteration 52
2024-05-23 23:32:26 DEBUG [main] org.example.Main - DEBUG iteration 53
2024-05-23 23:32:26 DEBUG [main] org.example.Main - DEBUG iteration 54
2024-05-23 23:32:26 DEBUG [main] org.example.Main - DEBUG iteration 55
2024-05-23 23:32:26 DEBUG [main] org.example.Main - DEBUG iteration 56
2024-05-23 23:32:26 DEBUG [main] org.example.Main - DEBUG iteration 57
2024-05-23 23:32:26 DEBUG [main] org.example.Main - DEBUG iteration 58
2024-05-23 23:32:26 DEBUG [main] org.example.Main - DEBUG iteration 59
2024-05-23 23:32:26 DEBUG [main] org.example.Main - DEBUG iteration 60
2024-05-23 23:32:26 DEBUG [main] org.example.Main - DEBUG iteration 61
2024-05-23 23:32:26 DEBUG [main] org.example.Main - DEBUG iteration 62
2024-05-23 23:32:26 DEBUG [main] org.example.Main - DEBUG iteration 63
2024-05-23 23:32:26 DEBUG [main] org.example.Main - DEBUG iteration 64
2024-05-23 23:32:26 DEBUG [main] org.example.Main - DEBUG iteration 65
2024-05-23 23:32:26 DEBUG [main] org.example.Main - DEBUG iteration 66
2024-05-23 23:32:26 DEBUG [main] org.example.Main - DEBUG iteration 67
2024-05-23 23:32:26 DEBUG [main] org.example.Main - DEBUG iteration 68
2024-05-23 23:32:26 DEBUG [main] org.example.Main - DEBUG iteration 69
2024-05-23 23:32:26 DEBUG [main] org.example.Main - DEBUG iteration 70
2024-05-23 23:32:26 DEBUG [main] org.example.Main - DEBUG iteration 71
2024-05-23 23:32:26 DEBUG [main] org.example.Main - DEBUG iteration 72
2024-05-23 23:32:26 DEBUG [main] org.example.Main - DEBUG iteration 73
2024-05-23 23:32:26 DEBUG [main] org.example.Main - DEBUG iteration 74
2024-05-23 23:32:26 DEBUG [main] org.example.Main - DEBUG iteration 75
2024-05-23 23:32:26 DEBUG [main] org.example.Main - DEBUG iteration 76
2024-05-23 23:32:26 DEBUG [main] org.example.Main - DEBUG iteration 77
2024-05-23 23:32:26 DEBUG [main] org.example.Main - DEBUG iteration 78
2024-05-23 23:32:26 DEBUG [main] org.example.Main - DEBUG iteration 79
2024-05-23 23:32:26 DEBUG [main] org.example.Main - DEBUG iteration 80
2024-05-23 23:32:26 DEBUG [main] org.example.Main - DEBUG iteration 81
2024-05-23 23:32:26 DEBUG [main] org.example.Main - DEBUG iteration 82
2024-05-23 23:32:26 DEBUG [main] org.example.Main - DEBUG iteration 83
2024-05-23 23:32:26 DEBUG [main] org.example.Main - DEBUG iteration 84
2024-05-23 23:32:26 DEBUG [main] org.example.Main - DEBUG iteration 85
2024-05-23 23:32:26 DEBUG [main] org.example.Main - DEBUG iteration 86
2024-05-23 23:32:26 DEBUG [main] org.example.Main - DEBUG iteration 87
2024-05-23 23:32:26 DEBUG [main] org.example.Main - DEBUG iteration 88
2024-05-23 23:32:26 DEBUG [main] org.example.Main - DEBUG iteration 89
2024-05-23 23:32:26 DEBUG [main] org.example.Main - DEBUG iteration 90
2024-05-23 23:32:26 DEBUG [main] org.example.Main - DEBUG iteration 91
2024-05-23 23:32:26 DEBUG [main] org.example.Main - DEBUG iteration 92
2024-05-23 23:32:26 DEBUG [main] org.example.Main - DEBUG iteration 93
2024-05-23 23:32:26 DEBUG [main] org.example.Main - DEBUG iteration 94
2024-05-23 23:32:26 DEBUG [main] org.example.Main - DEBUG iteration 95
2024-05-23 23:32:26 DEBUG [main] org.example.Main - DEBUG iteration 96
2024-05-23 23:32:26 DEBUG [main] org.example.Main - DEBUG iteration 97
2024-05-23 23:32:26 DEBUG [main] org.example.Main - DEBUG iteration 98
2024-05-23 23:32:26 DEBUG [main] org.example.Main - DEBUG iteration 99
2024-05-23 23:33:07 DEBUG [main] org.example.Main - Running with Spring Boot v3.2.5, Spring v6.1.7
2024-05-23 23:33:07 DEBUG [main] org.example.Main - DEBUG iteration 0
2024-05-23 23:33:07 DEBUG [main] org.example.Main - DEBUG iteration 1
2024-05-23 23:33:07 DEBUG [main] org.example.Main - DEBUG iteration 2
2024-05-23 23:33:07 DEBUG [main] org.example.Main - DEBUG iteration 3
2024-05-23 23:33:07 DEBUG [main] org.example.Main - DEBUG iteration 4
2024-05-23 23:33:07 DEBUG [main] org.example.Main - DEBUG iteration 5
2024-05-23 23:33:07 DEBUG [main] org.example.Main - DEBUG iteration 6
2024-05-23 23:33:07 DEBUG [main] org.example.Main - DEBUG iteration 7
2024-05-23 23:33:07 DEBUG [main] org.example.Main - DEBUG iteration 8
2024-05-23 23:33:07 DEBUG [main] org.example.Main - DEBUG iteration 9
2024-05-23 23:33:07 DEBUG [main] org.example.Main - DEBUG iteration 10
2024-05-23 23:33:07 DEBUG [main] org.example.Main - DEBUG iteration 11
2024-05-23 23:33:07 DEBUG [main] org.example.Main - DEBUG iteration 12
2024-05-23 23:33:07 DEBUG [main] org.example.Main - DEBUG iteration 13
2024-05-23 23:33:07 DEBUG [main] org.example.Main - DEBUG iteration 14
2024-05-23 23:33:07 DEBUG [main] org.example.Main - DEBUG iteration 15
2024-05-23 23:33:07 DEBUG [main] org.example.Main - DEBUG iteration 16
2024-05-23 23:33:07 DEBUG [main] org.example.Main - DEBUG iteration 17
2024-05-23 23:33:07 DEBUG [main] org.example.Main - DEBUG iteration 18
2024-05-23 23:33:07 DEBUG [main] org.example.Main - DEBUG iteration 19
2024-05-23 23:33:07 DEBUG [main] org.example.Main - DEBUG iteration 20
2024-05-23 23:33:07 DEBUG [main] org.example.Main - DEBUG iteration 21
2024-05-23 23:33:07 DEBUG [main] org.example.Main - DEBUG iteration 22
2024-05-23 23:33:07 DEBUG [main] org.example.Main - DEBUG iteration 23
2024-05-23 23:33:07 DEBUG [main] org.example.Main - DEBUG iteration 24
2024-05-23 23:33:07 DEBUG [main] org.example.Main - DEBUG iteration 25
2024-05-23 23:33:07 DEBUG [main] org.example.Main - DEBUG iteration 26
2024-05-23 23:33:07 DEBUG [main] org.example.Main - DEBUG iteration 27
2024-05-23 23:33:07 DEBUG [main] org.example.Main - DEBUG iteration 28
2024-05-23 23:33:07 DEBUG [main] org.example.Main - DEBUG iteration 29
2024-05-23 23:33:07 DEBUG [main] org.example.Main - DEBUG iteration 30
2024-05-23 23:33:07 DEBUG [main] org.example.Main - DEBUG iteration 31
2024-05-23 23:33:07 DEBUG [main] org.example.Main - DEBUG iteration 32
2024-05-23 23:33:07 DEBUG [main] org.example.Main - DEBUG iteration 33
2024-05-23 23:33:07 DEBUG [main] org.example.Main - DEBUG iteration 34
2024-05-23 23:33:07 DEBUG [main] org.example.Main - DEBUG iteration 35
2024-05-23 23:33:07 DEBUG [main] org.example.Main - DEBUG iteration 36
2024-05-23 23:33:07 DEBUG [main] org.example.Main - DEBUG iteration 37
2024-05-23 23:33:07 DEBUG [main] org.example.Main - DEBUG iteration 38
2024-05-23 23:33:07 DEBUG [main] org.example.Main - DEBUG iteration 39
2024-05-23 23:33:07 DEBUG [main] org.example.Main - DEBUG iteration 40
2024-05-23 23:33:07 DEBUG [main] org.example.Main - DEBUG iteration 41
2024-05-23 23:33:07 DEBUG [main] org.example.Main - DEBUG iteration 42
2024-05-23 23:33:07 DEBUG [main] org.example.Main - DEBUG iteration 43
2024-05-23 23:33:07 DEBUG [main] org.example.Main - DEBUG iteration 44
2024-05-23 23:33:07 DEBUG [main] org.example.Main - DEBUG iteration 45
2024-05-23 23:33:07 DEBUG [main] org.example.Main - DEBUG iteration 46
2024-05-23 23:33:07 DEBUG [main] org.example.Main - DEBUG iteration 47
2024-05-23 23:33:07 DEBUG [main] org.example.Main - DEBUG iteration 48
2024-05-23 23:33:07 DEBUG [main] org.example.Main - DEBUG iteration 49
2024-05-23 23:33:07 DEBUG [main] org.example.Main - DEBUG iteration 50
2024-05-23 23:33:07 DEBUG [main] org.example.Main - DEBUG iteration 51
2024-05-23 23:33:07 DEBUG [main] org.example.Main - DEBUG iteration 52
2024-05-23 23:33:07 DEBUG [main] org.example.Main - DEBUG iteration 53
2024-05-23 23:33:07 DEBUG [main] org.example.Main - DEBUG iteration 54
2024-05-23 23:33:07 DEBUG [main] org.example.Main - DEBUG iteration 55
2024-05-23 23:33:07 DEBUG [main] org.example.Main - DEBUG iteration 56
2024-05-23 23:33:07 DEBUG [main] org.example.Main - DEBUG iteration 57
2024-05-23 23:33:07 DEBUG [main] org.example.Main - DEBUG iteration 58
2024-05-23 23:33:07 DEBUG [main] org.example.Main - DEBUG iteration 59
2024-05-23 23:33:07 DEBUG [main] org.example.Main - DEBUG iteration 60
2024-05-23 23:33:07 DEBUG [main] org.example.Main - DEBUG iteration 61
2024-05-23 23:33:07 DEBUG [main] org.example.Main - DEBUG iteration 62
2024-05-23 23:33:07 DEBUG [main] org.example.Main - DEBUG iteration 63
2024-05-23 23:33:07 DEBUG [main] org.example.Main - DEBUG iteration 64
2024-05-23 23:33:07 DEBUG [main] org.example.Main - DEBUG iteration 65
2024-05-23 23:33:07 DEBUG [main] org.example.Main - DEBUG iteration 66
2024-05-23 23:33:07 DEBUG [main] org.example.Main - DEBUG iteration 67
2024-05-23 23:33:07 DEBUG [main] org.example.Main - DEBUG iteration 68
2024-05-23 23:33:07 DEBUG [main] org.example.Main - DEBUG iteration 69
2024-05-23 23:33:07 DEBUG [main] org.example.Main - DEBUG iteration 70
2024-05-23 23:33:07 DEBUG [main] org.example.Main - DEBUG iteration 71
2024-05-23 23:33:07 DEBUG [main] org.example.Main - DEBUG iteration 72
2024-05-23 23:33:07 DEBUG [main] org.example.Main - DEBUG iteration 73
2024-05-23 23:33:07 DEBUG [main] org.example.Main - DEBUG iteration 74
2024-05-23 23:33:07 DEBUG [main] org.example.Main - DEBUG iteration 75
2024-05-23 23:33:07 DEBUG [main] org.example.Main - DEBUG iteration 76
2024-05-23 23:33:07 DEBUG [main] org.example.Main - DEBUG iteration 77
2024-05-23 23:33:07 DEBUG [main] org.example.Main - DEBUG iteration 78
2024-05-23 23:33:07 DEBUG [main] org.example.Main - DEBUG iteration 79
2024-05-23 23:33:07 DEBUG [main] org.example.Main - DEBUG iteration 80
2024-05-23 23:33:07 DEBUG [main] org.example.Main - DEBUG iteration 81
2024-05-23 23:33:07 DEBUG [main] org.example.Main - DEBUG iteration 82
2024-05-23 23:33:07 DEBUG [main] org.example.Main - DEBUG iteration 83
2024-05-23 23:33:07 DEBUG [main] org.example.Main - DEBUG iteration 84
2024-05-23 23:33:07 DEBUG [main] org.example.Main - DEBUG iteration 85
2024-05-23 23:33:07 DEBUG [main] org.example.Main - DEBUG iteration 86
2024-05-23 23:33:07 DEBUG [main] org.example.Main - DEBUG iteration 87
2024-05-23 23:33:07 DEBUG [main] org.example.Main - DEBUG iteration 88
2024-05-23 23:33:07 DEBUG [main] org.example.Main - DEBUG iteration 89
2024-05-23 23:33:07 DEBUG [main] org.example.Main - DEBUG iteration 90
2024-05-23 23:33:07 DEBUG [main] org.example.Main - DEBUG iteration 91
2024-05-23 23:33:07 DEBUG [main] org.example.Main - DEBUG iteration 92
2024-05-23 23:33:07 DEBUG [main] org.example.Main - DEBUG iteration 93
2024-05-23 23:33:07 DEBUG [main] org.example.Main - DEBUG iteration 94
2024-05-23 23:33:07 DEBUG [main] org.example.Main - DEBUG iteration 95
2024-05-23 23:33:07 DEBUG [main] org.example.Main - DEBUG iteration 96
2024-05-23 23:33:07 DEBUG [main] org.example.Main - DEBUG iteration 97
2024-05-23 23:33:07 DEBUG [main] org.example.Main - DEBUG iteration 98
2024-05-23 23:33:07 DEBUG [main] org.example.Main - DEBUG iteration 99
2024-05-23 23:33:37 DEBUG [main] org.example.Main - Running with Spring Boot v3.2.5, Spring v6.1.7
2024-05-23 23:33:37 DEBUG [main] org.example.Main - DEBUG iteration 0
2024-05-23 23:33:37 DEBUG [main] org.example.Main - DEBUG iteration 1
2024-05-23 23:33:38 DEBUG [main] org.example.Main - DEBUG iteration 2
2024-05-23 23:33:38 DEBUG [main] org.example.Main - DEBUG iteration 3
2024-05-23 23:33:38 DEBUG [main] org.example.Main - DEBUG iteration 4
2024-05-23 23:33:38 DEBUG [main] org.example.Main - DEBUG iteration 5
2024-05-23 23:33:38 DEBUG [main] org.example.Main - DEBUG iteration 6
2024-05-23 23:33:38 DEBUG [main] org.example.Main - DEBUG iteration 7
2024-05-23 23:33:38 DEBUG [main] org.example.Main - DEBUG iteration 8
2024-05-23 23:33:38 DEBUG [main] org.example.Main - DEBUG iteration 9
2024-05-23 23:33:38 DEBUG [main] org.example.Main - DEBUG iteration 10
2024-05-23 23:33:38 DEBUG [main] org.example.Main - DEBUG iteration 11
2024-05-23 23:33:39 DEBUG [main] org.example.Main - DEBUG iteration 12
2024-05-23 23:33:39 DEBUG [main] org.example.Main - DEBUG iteration 13
2024-05-23 23:33:39 DEBUG [main] org.example.Main - DEBUG iteration 14
2024-05-23 23:33:39 DEBUG [main] org.example.Main - DEBUG iteration 15
2024-05-23 23:33:39 DEBUG [main] org.example.Main - DEBUG iteration 16
2024-05-23 23:33:39 DEBUG [main] org.example.Main - DEBUG iteration 17
2024-05-23 23:33:39 DEBUG [main] org.example.Main - DEBUG iteration 18
2024-05-23 23:33:39 DEBUG [main] org.example.Main - DEBUG iteration 19
2024-05-23 23:33:39 DEBUG [main] org.example.Main - DEBUG iteration 20
2024-05-23 23:33:40 DEBUG [main] org.example.Main - DEBUG iteration 21
2024-05-23 23:33:40 DEBUG [main] org.example.Main - DEBUG iteration 22
2024-05-23 23:33:40 DEBUG [main] org.example.Main - DEBUG iteration 23
2024-05-23 23:33:40 DEBUG [main] org.example.Main - DEBUG iteration 24
2024-05-23 23:33:40 DEBUG [main] org.example.Main - DEBUG iteration 25
2024-05-23 23:33:40 DEBUG [main] org.example.Main - DEBUG iteration 26
2024-05-23 23:33:40 DEBUG [main] org.example.Main - DEBUG iteration 27
2024-05-23 23:33:40 DEBUG [main] org.example.Main - DEBUG iteration 28
2024-05-23 23:33:40 DEBUG [main] org.example.Main - DEBUG iteration 29
2024-05-23 23:33:41 DEBUG [main] org.example.Main - DEBUG iteration 30
2024-05-23 23:33:41 DEBUG [main] org.example.Main - DEBUG iteration 31
2024-05-23 23:33:41 DEBUG [main] org.example.Main - DEBUG iteration 32
2024-05-23 23:33:41 DEBUG [main] org.example.Main - DEBUG iteration 33
2024-05-23 23:33:41 DEBUG [main] org.example.Main - DEBUG iteration 34
2024-05-23 23:33:41 DEBUG [main] org.example.Main - DEBUG iteration 35
2024-05-23 23:33:41 DEBUG [main] org.example.Main - DEBUG iteration 36
2024-05-23 23:33:41 DEBUG [main] org.example.Main - DEBUG iteration 37
2024-05-23 23:33:41 DEBUG [main] org.example.Main - DEBUG iteration 38
2024-05-23 23:33:42 DEBUG [main] org.example.Main - DEBUG iteration 39
2024-05-23 23:33:42 DEBUG [main] org.example.Main - DEBUG iteration 40
2024-05-23 23:33:42 DEBUG [main] org.example.Main - DEBUG iteration 41
2024-05-23 23:33:42 DEBUG [main] org.example.Main - DEBUG iteration 42
2024-05-23 23:33:42 DEBUG [main] org.example.Main - DEBUG iteration 43
2024-05-23 23:33:42 DEBUG [main] org.example.Main - DEBUG iteration 44
2024-05-23 23:33:42 DEBUG [main] org.example.Main - DEBUG iteration 45
2024-05-23 23:33:42 DEBUG [main] org.example.Main - DEBUG iteration 46
2024-05-23 23:33:42 DEBUG [main] org.example.Main - DEBUG iteration 47
2024-05-23 23:33:42 DEBUG [main] org.example.Main - DEBUG iteration 48
2024-05-23 23:33:43 DEBUG [main] org.example.Main - DEBUG iteration 49
2024-05-23 23:33:43 DEBUG [main] org.example.Main - DEBUG iteration 50
2024-05-23 23:33:43 DEBUG [main] org.example.Main - DEBUG iteration 51
2024-05-23 23:33:43 DEBUG [main] org.example.Main - DEBUG iteration 52
2024-05-23 23:33:43 DEBUG [main] org.example.Main - DEBUG iteration 53
2024-05-23 23:33:43 DEBUG [main] org.example.Main - DEBUG iteration 54
2024-05-23 23:33:43 DEBUG [main] org.example.Main - DEBUG iteration 55
2024-05-23 23:33:43 DEBUG [main] org.example.Main - DEBUG iteration 56
2024-05-23 23:33:43 DEBUG [main] org.example.Main - DEBUG iteration 57
2024-05-23 23:33:44 DEBUG [main] org.example.Main - DEBUG iteration 58
2024-05-23 23:33:44 DEBUG [main] org.example.Main - DEBUG iteration 59
2024-05-23 23:33:44 DEBUG [main] org.example.Main - DEBUG iteration 60
2024-05-23 23:33:44 DEBUG [main] org.example.Main - DEBUG iteration 61
2024-05-23 23:33:44 DEBUG [main] org.example.Main - DEBUG iteration 62
2024-05-23 23:33:44 DEBUG [main] org.example.Main - DEBUG iteration 63
2024-05-23 23:33:44 DEBUG [main] org.example.Main - DEBUG iteration 64
2024-05-23 23:33:44 DEBUG [main] org.example.Main - DEBUG iteration 65
2024-05-23 23:33:44 DEBUG [main] org.example.Main - DEBUG iteration 66
2024-05-23 23:33:45 DEBUG [main] org.example.Main - DEBUG iteration 67
2024-05-23 23:33:45 DEBUG [main] org.example.Main - DEBUG iteration 68
2024-05-23 23:33:45 DEBUG [main] org.example.Main - DEBUG iteration 69
2024-05-23 23:33:45 DEBUG [main] org.example.Main - DEBUG iteration 70
2024-05-23 23:33:45 DEBUG [main] org.example.Main - DEBUG iteration 71
2024-05-23 23:33:45 DEBUG [main] org.example.Main - DEBUG iteration 72
2024-05-23 23:33:45 DEBUG [main] org.example.Main - DEBUG iteration 73
2024-05-23 23:33:45 DEBUG [main] org.example.Main - DEBUG iteration 74
2024-05-23 23:33:45 DEBUG [main] org.example.Main - DEBUG iteration 75
2024-05-23 23:33:46 DEBUG [main] org.example.Main - DEBUG iteration 76
2024-05-23 23:33:46 DEBUG [main] org.example.Main - DEBUG iteration 77
2024-05-23 23:33:46 DEBUG [main] org.example.Main - DEBUG iteration 78
2024-05-23 23:33:46 DEBUG [main] org.example.Main - DEBUG iteration 79
2024-05-23 23:33:46 DEBUG [main] org.example.Main - DEBUG iteration 80
2024-05-23 23:33:46 DEBUG [main] org.example.Main - DEBUG iteration 81
2024-05-23 23:33:46 DEBUG [main] org.example.Main - DEBUG iteration 82
2024-05-23 23:33:46 DEBUG [main] org.example.Main - DEBUG iteration 83
2024-05-23 23:33:46 DEBUG [main] org.example.Main - DEBUG iteration 84
2024-05-23 23:33:47 DEBUG [main] org.example.Main - DEBUG iteration 85
2024-05-23 23:33:47 DEBUG [main] org.example.Main - DEBUG iteration 86
2024-05-23 23:33:47 DEBUG [main] org.example.Main - DEBUG iteration 87
2024-05-23 23:33:47 DEBUG [main] org.example.Main - DEBUG iteration 88
2024-05-23 23:33:47 DEBUG [main] org.example.Main - DEBUG iteration 89
2024-05-23 23:33:47 DEBUG [main] org.example.Main - DEBUG iteration 90
2024-05-23 23:33:47 DEBUG [main] org.example.Main - DEBUG iteration 91
2024-05-23 23:33:47 DEBUG [main] org.example.Main - DEBUG iteration 92
2024-05-23 23:33:47 DEBUG [main] org.example.Main - DEBUG iteration 93
2024-05-23 23:33:48 DEBUG [main] org.example.Main - DEBUG iteration 94
2024-05-23 23:33:48 DEBUG [main] org.example.Main - DEBUG iteration 95
2024-05-23 23:33:48 DEBUG [main] org.example.Main - DEBUG iteration 96
2024-05-23 23:33:48 DEBUG [main] org.example.Main - DEBUG iteration 97
2024-05-23 23:33:48 DEBUG [main] org.example.Main - DEBUG iteration 98
2024-05-23 23:33:48 DEBUG [main] org.example.Main - DEBUG iteration 99
